<?xml version="1.0" encoding="utf-8"?><testsuites name="pytest tests"><testsuite name="pytest" errors="0" failures="0" skipped="0" tests="43" time="2.102" timestamp="2026-04-24T19:41:21.567878-05:00" hostname="ArchTrabajo"><testcase classname="tests.test_api_integration" name="test_root_endpoint" time="0.008" /><testcase classname="tests.test_api_integration" name="test_knowledge_graph_endpoint" time="0.118" /><testcase classname="tests.test_api_integration" name="test_knowledge_graph_empty_state" time="0.017" /><testcase classname="tests.test_api_integration" name="test_intelligence_status_endpoint" time="0.010" /><testcase classname="tests.test_api_integration" name="test_intelligence_status_metrics_structure" time="0.007" /><testcase classname="tests.test_api_integration" name="test_targets_endpoint" time="0.007" /><testcase classname="tests.test_api_integration" name="test_targets_empty" time="0.006" /><testcase classname="tests.test_api_integration" name="test_targets_latest_not_found" time="0.023" /><testcase classname="tests.test_api_integration" name="test_targets_latest_with_existing_target" time="0.020" /><testcase classname="tests.test_api_integration" name="test_gate_pending_endpoint" time="0.017" /><testcase classname="tests.test_api_integration" name="test_gate_pending_structure" time="0.010" /><testcase classname="tests.test_api_integration" name="test_gate_approve_not_found" time="0.010" /><testcase classname="tests.test_api_integration" name="test_gate_reject_not_found" time="0.010" /><testcase classname="tests.test_api_integration" name="test_evidence_with_nonexistent_hyp_id" time="0.015" /><testcase classname="tests.test_api_integration" name="test_intelligence_export" time="0.007" /><testcase classname="tests.test_api_integration" name="test_dashboard_endpoint" time="0.016" /><testcase classname="tests.test_api_integration" name="test_api_version_v57" time="0.006" /><testcase classname="tests.test_api_integration" name="test_all_endpoints_smoke" time="0.049" /><testcase classname="tests.test_api_integration" name="test_auth_validator_instantiation" time="0.001" /><testcase classname="tests.test_api_integration" name="test_visual_utility_import" time="0.001" /><testcase classname="tests.test_api_integration" name="test_knowledge_graph_nodes_have_required_fields" time="0.014" /><testcase classname="tests.test_api_integration" name="test_knowledge_graph_edges_have_required_fields" time="0.016" /><testcase classname="tests.test_h1" name="test_h1" time="0.406" /><testcase classname="tests.test_src_architecture.TestLearningEngine" name="test_min_observations_respected" time="0.051" /><testcase classname="tests.test_src_architecture.TestLearningEngine" name="test_writes_with_sufficient_data" time="0.035" /><testcase classname="tests.test_src_architecture.TestLearningEngine" name="test_acquire_lock_blocks_concurrent" time="0.018" /><testcase classname="tests.test_src_architecture.TestLearningEngine" name="test_lock_released_after_analysis" time="0.041" /><testcase classname="tests.test_src_architecture.TestConfigWriter" name="test_save_scoring_weights" time="0.017" /><testcase classname="tests.test_src_architecture.TestConfigWriter" name="test_load_effective_weights_with_file" time="0.006" /><testcase classname="tests.test_src_architecture.TestConfigWriter" name="test_load_effective_weights_without_file" time="0.003" /><testcase classname="tests.test_src_architecture.TestConfigWriter" name="test_atomic_write" time="0.005" /><testcase classname="tests.test_src_architecture.TestConfigWriter" name="test_wordpress_specific_dalfox_weight" time="0.049" /><testcase classname="tests.test_src_architecture.TestConfigWriter" name="test_non_wordpress_dalfox_weight" time="0.047" /><testcase classname="tests.test_src_architecture.TestModeIntegration" name="test_hunt_mode_instantiation" time="0.016" /><testcase classname="tests.test_src_architecture.TestModeIntegration" name="test_continuous_mode_instantiation" time="0.004" /><testcase classname="tests.test_src_architecture.TestModeIntegration" name="test_workflow_orchestrator_import" time="0.005" /><testcase classname="tests.test_src_architecture.TestNewArchitectureImports" name="test_learning_engine_import" time="0.001" /><testcase classname="tests.test_src_architecture.TestNewArchitectureImports" name="test_config_writer_import" time="0.001" /><testcase classname="tests.test_src_architecture.TestNewArchitectureImports" name="test_intelligence_modules_exist" time="0.001" /><testcase classname="tests.test_v57_features" name="test_knowledge_graph_endpoint" time="0.021" /><testcase classname="tests.test_v57_features" name="test_auth_validator_instantiation" time="0.002" /><testcase classname="tests.test_v57_features" name="test_visual_utility_import" time="0.001" /><testcase classname="tests.test_v57_features" name="test_api_version_v57" time="0.006" /></testsuite></testsuites>